-------------------------------------------------------------------------------
Test set: ch.supsi.monopoly.GameTest
-------------------------------------------------------------------------------
Tests run: 6, Failures: 1, Errors: 1, Skipped: 0, Time elapsed: 0.054 s <<< FAILURE! -- in ch.supsi.monopoly.GameTest
ch.supsi.monopoly.GameTest.testGameFinish -- Time elapsed: 0.024 s <<< ERROR!
java.lang.ClassCastException: class ch.supsi.monopoly.Bank cannot be cast to class ch.supsi.monopoly.Player (ch.supsi.monopoly.Bank and ch.supsi.monopoly.Player are in unnamed module of loader 'app')
	at ch.supsi.monopoly.board.property.PropertyManager.checkProperties(PropertyManager.java:53)
	at ch.supsi.monopoly.Game.tick(Game.java:159)
	at ch.supsi.monopoly.Game.executeRound(Game.java:96)
	at ch.supsi.monopoly.Game.play(Game.java:71)
	at ch.supsi.monopoly.Game.start(Game.java:39)
	at ch.supsi.monopoly.GameTest.testGameFinish(GameTest.java:87)
	at java.base/java.lang.reflect.Method.invoke(Method.java:580)
	at java.base/java.util.ArrayList.forEach(ArrayList.java:1596)
	at java.base/java.util.ArrayList.forEach(ArrayList.java:1596)

ch.supsi.monopoly.GameTest.testGameHasFourPlayers -- Time elapsed: 0.010 s <<< FAILURE!
org.opentest4j.AssertionFailedError: expected: <a> but was: <A>
	at org.junit.jupiter.api.AssertionFailureBuilder.build(AssertionFailureBuilder.java:151)
	at org.junit.jupiter.api.AssertionFailureBuilder.buildAndThrow(AssertionFailureBuilder.java:132)
	at org.junit.jupiter.api.AssertEquals.failNotEqual(AssertEquals.java:197)
	at org.junit.jupiter.api.AssertEquals.assertEquals(AssertEquals.java:182)
	at org.junit.jupiter.api.AssertEquals.assertEquals(AssertEquals.java:177)
	at org.junit.jupiter.api.Assertions.assertEquals(Assertions.java:1145)
	at ch.supsi.monopoly.GameTest.testGameHasFourPlayers(GameTest.java:73)
	at java.base/java.lang.reflect.Method.invoke(Method.java:580)
	at java.base/java.util.ArrayList.forEach(ArrayList.java:1596)
	at java.base/java.util.ArrayList.forEach(ArrayList.java:1596)

